<?xml version="1.0" encoding="UTF-8"?>
<!-- Generated by org.testng.reporters.JUnitXMLReporter -->
<testsuite hostname="II02-JWXVKC2" ignored="2" name="Test" tests="7" failures="4" timestamp="25 Aug 2019 06:17:38 GMT" time="2.64" errors="0">
  <testcase name="check_title" time="0.016" classname="Page_Test.Login_Test">
    <failure type="java.lang.AssertionError" message="Title do now match: Failed!!!!!!!!! expected [Yahoo India----] but found [Yahoo India]">
      <![CDATA[java.lang.AssertionError: Title do now match: Failed!!!!!!!!! expected [Yahoo India----] but found [Yahoo India]
	at Page_Test.Login_Test.check_title(Login_Test.java:42)
... Removed 39 stack frames]]>
    </failure>
  </testcase> <!-- check_title -->
  <testcase name="click_to_sign" time="1.485" classname="Page_Test.Login_Test"/>
  <testcase name="enter_email" time="0.056" classname="Page_Test.Login_Test"/>
  <testcase name="click_to_create" time="0.002" classname="Page_Test.Home_Test">
    <failure type="java.lang.NullPointerException">
      <![CDATA[java.lang.NullPointerException
	at org.openqa.selenium.support.pagefactory.DefaultElementLocator.findElement(DefaultElementLocator.java:69)
	at org.openqa.selenium.support.pagefactory.internal.LocatingElementHandler.invoke(LocatingElementHandler.java:38)
	at com.sun.proxy.$Proxy8.click(Unknown Source)
	at Page_Java.Home_page.create_account(Home_page.java:32)
	at Page_Test.Home_Test.click_to_create(Home_Test.java:29)
... Removed 34 stack frames]]>
    </failure>
  </testcase> <!-- click_to_create -->
  <testcase name="click_to_sign" time="0.001" classname="Page_Test.Home_Test">
    <failure type="java.lang.NullPointerException">
      <![CDATA[java.lang.NullPointerException
	at org.openqa.selenium.support.pagefactory.DefaultElementLocator.findElement(DefaultElementLocator.java:69)
	at org.openqa.selenium.support.pagefactory.internal.LocatingElementHandler.invoke(LocatingElementHandler.java:38)
	at com.sun.proxy.$Proxy8.sendKeys(Unknown Source)
	at Page_Java.Home_page.enter_firstname(Home_page.java:36)
	at Page_Test.Home_Test.click_to_sign(Home_Test.java:40)
... Removed 34 stack frames]]>
    </failure>
  </testcase> <!-- click_to_sign -->
  <testcase name="check_title" time="0.009" classname="Page_Test.Login_Test">
    <failure type="java.lang.AssertionError" message="Title do now match: Failed!!!!!!!!! expected [Yahoo India----] but found [Yahoo – login]">
      <![CDATA[java.lang.AssertionError: Title do now match: Failed!!!!!!!!! expected [Yahoo India----] but found [Yahoo – login]
	at Page_Test.Login_Test.check_title(Login_Test.java:42)
... Removed 39 stack frames]]>
    </failure>
  </testcase> <!-- check_title -->
  <testcase name="enter_email" time="0.038" classname="Page_Test.Login_Test"/>
  <testcase name="@AfterSuite brower_close" time="0.0" classname="Page_Test.Login_Test">
    <ignored/>
  </testcase> <!-- @AfterSuite brower_close -->
  <testcase name="@BeforeSuite brower_set" time="0.0" classname="Page_Test.Login_Test">
    <ignored/>
  </testcase> <!-- @BeforeSuite brower_set -->
</testsuite> <!-- Test -->
