<?xml version="1.0" encoding="UTF-8"?>
<testng-results skipped="0" failed="2" ignored="0" total="7" passed="5">
  <reporter-output>
  </reporter-output>
  <suite name="Suite" duration-ms="11607" started-at="2019-08-25T07:09:39Z" finished-at="2019-08-25T07:09:51Z">
    <groups>
    </groups>
    <test name="Test1" duration-ms="3670" started-at="2019-08-25T07:09:39Z" finished-at="2019-08-25T07:09:43Z">
      <class name="Page_Test.Login_Test">
        <test-method status="PASS" signature="check_title()[pri:0, instance:Page_Test.Login_Test@1cd072a9]" name="check_title" duration-ms="57" started-at="2019-08-25T12:39:39Z" finished-at="2019-08-25T12:39:39Z">
          <reporter-output>
          </reporter-output>
        </test-method> <!-- check_title -->
        <test-method status="PASS" signature="tested()[pri:0, instance:Page_Test.Login_Test@1cd072a9]" name="tested" is-config="true" duration-ms="1150" started-at="2019-08-25T12:39:39Z" finished-at="2019-08-25T12:39:40Z">
          <reporter-output>
          </reporter-output>
        </test-method> <!-- tested -->
        <test-method status="PASS" signature="click_to_sign()[pri:0, instance:Page_Test.Login_Test@1cd072a9]" name="click_to_sign" duration-ms="1460" started-at="2019-08-25T12:39:40Z" finished-at="2019-08-25T12:39:42Z">
          <reporter-output>
          </reporter-output>
        </test-method> <!-- click_to_sign -->
        <test-method status="PASS" signature="tested()[pri:0, instance:Page_Test.Login_Test@1cd072a9]" name="tested" is-config="true" duration-ms="412" started-at="2019-08-25T12:39:42Z" finished-at="2019-08-25T12:39:42Z">
          <reporter-output>
          </reporter-output>
        </test-method> <!-- tested -->
        <test-method status="PASS" signature="enter_email()[pri:0, instance:Page_Test.Login_Test@1cd072a9]" name="enter_email" duration-ms="166" started-at="2019-08-25T12:39:42Z" finished-at="2019-08-25T12:39:42Z">
          <reporter-output>
          </reporter-output>
        </test-method> <!-- enter_email -->
        <test-method status="PASS" signature="tested()[pri:0, instance:Page_Test.Login_Test@1cd072a9]" name="tested" is-config="true" duration-ms="384" started-at="2019-08-25T12:39:42Z" finished-at="2019-08-25T12:39:43Z">
          <reporter-output>
          </reporter-output>
        </test-method> <!-- tested -->
      </class> <!-- Page_Test.Login_Test -->
    </test> <!-- Test1 -->
    <test name="Test2" duration-ms="7896" started-at="2019-08-25T07:09:43Z" finished-at="2019-08-25T07:09:51Z">
      <class name="Page_Test.Home_Test">
        <test-method status="PASS" signature="brower_set()[pri:0, instance:Page_Test.Home_Test@340f438e]" name="brower_set" is-config="true" duration-ms="17686" started-at="2019-08-25T12:39:21Z" finished-at="2019-08-25T12:39:39Z">
          <reporter-output>
          </reporter-output>
        </test-method> <!-- brower_set -->
        <test-method status="PASS" signature="click_to_create()[pri:0, instance:Page_Test.Home_Test@340f438e]" name="click_to_create" duration-ms="990" started-at="2019-08-25T12:39:43Z" finished-at="2019-08-25T12:39:44Z">
          <reporter-output>
          </reporter-output>
        </test-method> <!-- click_to_create -->
        <test-method status="PASS" signature="tested()[pri:0, instance:Page_Test.Home_Test@340f438e]" name="tested" is-config="true" duration-ms="437" started-at="2019-08-25T12:39:44Z" finished-at="2019-08-25T12:39:44Z">
          <reporter-output>
          </reporter-output>
        </test-method> <!-- tested -->
        <test-method status="PASS" signature="click_to_sign()[pri:0, instance:Page_Test.Home_Test@340f438e]" name="click_to_sign" duration-ms="227" started-at="2019-08-25T12:39:44Z" finished-at="2019-08-25T12:39:44Z">
          <reporter-output>
          </reporter-output>
        </test-method> <!-- click_to_sign -->
        <test-method status="PASS" signature="tested()[pri:0, instance:Page_Test.Home_Test@340f438e]" name="tested" is-config="true" duration-ms="377" started-at="2019-08-25T12:39:44Z" finished-at="2019-08-25T12:39:45Z">
          <reporter-output>
          </reporter-output>
        </test-method> <!-- tested -->
        <test-method status="FAIL" signature="check_title()[pri:0, instance:Page_Test.Home_Test@340f438e]" name="check_title" duration-ms="8" started-at="2019-08-25T12:39:45Z" finished-at="2019-08-25T12:39:45Z">
          <exception class="java.lang.AssertionError">
            <message>
              <![CDATA[Title do now match: Failed!!!!!!!!! expected [Yahoo India] but found [Yahoo]]]>
            </message>
            <full-stacktrace>
              <![CDATA[java.lang.AssertionError: Title do now match: Failed!!!!!!!!! expected [Yahoo India] but found [Yahoo]
	at org.testng.Assert.fail(Assert.java:94)
	at org.testng.Assert.failNotEquals(Assert.java:513)
	at org.testng.Assert.assertEqualsImpl(Assert.java:135)
	at org.testng.Assert.assertEquals(Assert.java:116)
	at org.testng.Assert.assertEquals(Assert.java:190)
	at Page_Test.Login_Test.check_title(Login_Test.java:42)
	at sun.reflect.NativeMethodAccessorImpl.invoke0(Native Method)
	at sun.reflect.NativeMethodAccessorImpl.invoke(NativeMethodAccessorImpl.java:62)
	at sun.reflect.DelegatingMethodAccessorImpl.invoke(DelegatingMethodAccessorImpl.java:43)
	at java.lang.reflect.Method.invoke(Method.java:498)
	at org.testng.internal.MethodInvocationHelper.invokeMethod(MethodInvocationHelper.java:104)
	at org.testng.internal.Invoker.invokeMethod(Invoker.java:645)
	at org.testng.internal.Invoker.invokeTestMethod(Invoker.java:851)
	at org.testng.internal.Invoker.invokeTestMethods(Invoker.java:1177)
	at org.testng.internal.TestMethodWorker.invokeTestMethods(TestMethodWorker.java:129)
	at org.testng.internal.TestMethodWorker.run(TestMethodWorker.java:112)
	at org.testng.TestRunner.privateRun(TestRunner.java:756)
	at org.testng.TestRunner.run(TestRunner.java:610)
	at org.testng.SuiteRunner.runTest(SuiteRunner.java:387)
	at org.testng.SuiteRunner.runSequentially(SuiteRunner.java:382)
	at org.testng.SuiteRunner.privateRun(SuiteRunner.java:340)
	at org.testng.SuiteRunner.run(SuiteRunner.java:289)
	at org.testng.SuiteRunnerWorker.runSuite(SuiteRunnerWorker.java:52)
	at org.testng.SuiteRunnerWorker.run(SuiteRunnerWorker.java:86)
	at org.testng.TestNG.runSuitesSequentially(TestNG.java:1293)
	at org.testng.TestNG.runSuitesLocally(TestNG.java:1218)
	at org.testng.TestNG.runSuites(TestNG.java:1133)
	at org.testng.TestNG.run(TestNG.java:1104)
	at org.apache.maven.surefire.testng.TestNGExecutor.run(TestNGExecutor.java:122)
	at org.apache.maven.surefire.testng.TestNGXmlTestSuite.execute(TestNGXmlTestSuite.java:92)
	at org.apache.maven.surefire.testng.TestNGProvider.invoke(TestNGProvider.java:101)
	at sun.reflect.NativeMethodAccessorImpl.invoke0(Native Method)
	at sun.reflect.NativeMethodAccessorImpl.invoke(NativeMethodAccessorImpl.java:62)
	at sun.reflect.DelegatingMethodAccessorImpl.invoke(DelegatingMethodAccessorImpl.java:43)
	at java.lang.reflect.Method.invoke(Method.java:498)
	at org.apache.maven.surefire.util.ReflectionUtils.invokeMethodWithArray(ReflectionUtils.java:164)
	at org.apache.maven.surefire.booter.ProviderFactory$ProviderProxy.invoke(ProviderFactory.java:110)
	at org.apache.maven.surefire.booter.SurefireStarter.invokeProvider(SurefireStarter.java:175)
	at org.apache.maven.surefire.booter.SurefireStarter.runSuitesInProcessWhenForked(SurefireStarter.java:107)
	at org.apache.maven.surefire.booter.ForkedBooter.main(ForkedBooter.java:68)
]]>
            </full-stacktrace>
          </exception> <!-- java.lang.AssertionError -->
          <reporter-output>
          </reporter-output>
        </test-method> <!-- check_title -->
        <test-method status="PASS" signature="tested()[pri:0, instance:Page_Test.Home_Test@340f438e]" name="tested" is-config="true" duration-ms="396" started-at="2019-08-25T12:39:45Z" finished-at="2019-08-25T12:39:45Z">
          <reporter-output>
          </reporter-output>
        </test-method> <!-- tested -->
        <test-method status="FAIL" signature="enter_email()[pri:0, instance:Page_Test.Home_Test@340f438e]" name="enter_email" duration-ms="5057" started-at="2019-08-25T12:39:45Z" finished-at="2019-08-25T12:39:50Z">
          <exception class="org.openqa.selenium.NoSuchElementException">
            <message>
              <![CDATA[no such element: Unable to locate element: {"method":"xpath","selector":"//*[@id='login-username']"}
  (Session info: chrome=76.0.3809.100)
For documentation on this error, please visit: http://seleniumhq.org/exceptions/no_such_element.html
Build info: version: '3.141.0', revision: '2ecb7d9a', time: '2018-10-31T20:09:30'
System info: host: 'II02-JWXVKC2', ip: '192.168.56.1', os.name: 'Windows 7', os.arch: 'amd64', os.version: '6.1', java.version: '1.8.0_171'
Driver info: org.openqa.selenium.chrome.ChromeDriver
Capabilities {acceptInsecureCerts: false, browserName: chrome, browserVersion: 76.0.3809.100, chrome: {chromedriverVersion: 76.0.3809.126 (d80a294506b4..., userDataDir: C:\Users\DHRUV_~1\AppData\L...}, goog:chromeOptions: {debuggerAddress: localhost:57997}, javascriptEnabled: true, networkConnectionEnabled: false, pageLoadStrategy: normal, platform: XP, platformName: XP, proxy: Proxy(), setWindowRect: true, strictFileInteractability: false, timeouts: {implicit: 0, pageLoad: 300000, script: 30000}, unhandledPromptBehavior: dismiss and notify}
Session ID: 3e303113930b04a0c52734e977f76638
*** Element info: {Using=xpath, value=//*[@id='login-username']}]]>
            </message>
            <full-stacktrace>
              <![CDATA[org.openqa.selenium.NoSuchElementException: no such element: Unable to locate element: {"method":"xpath","selector":"//*[@id='login-username']"}
  (Session info: chrome=76.0.3809.100)
For documentation on this error, please visit: http://seleniumhq.org/exceptions/no_such_element.html
Build info: version: '3.141.0', revision: '2ecb7d9a', time: '2018-10-31T20:09:30'
System info: host: 'II02-JWXVKC2', ip: '192.168.56.1', os.name: 'Windows 7', os.arch: 'amd64', os.version: '6.1', java.version: '1.8.0_171'
Driver info: org.openqa.selenium.chrome.ChromeDriver
Capabilities {acceptInsecureCerts: false, browserName: chrome, browserVersion: 76.0.3809.100, chrome: {chromedriverVersion: 76.0.3809.126 (d80a294506b4..., userDataDir: C:\Users\DHRUV_~1\AppData\L...}, goog:chromeOptions: {debuggerAddress: localhost:57997}, javascriptEnabled: true, networkConnectionEnabled: false, pageLoadStrategy: normal, platform: XP, platformName: XP, proxy: Proxy(), setWindowRect: true, strictFileInteractability: false, timeouts: {implicit: 0, pageLoad: 300000, script: 30000}, unhandledPromptBehavior: dismiss and notify}
Session ID: 3e303113930b04a0c52734e977f76638
*** Element info: {Using=xpath, value=//*[@id='login-username']}
	at sun.reflect.NativeConstructorAccessorImpl.newInstance0(Native Method)
	at sun.reflect.NativeConstructorAccessorImpl.newInstance(NativeConstructorAccessorImpl.java:62)
	at sun.reflect.DelegatingConstructorAccessorImpl.newInstance(DelegatingConstructorAccessorImpl.java:45)
	at java.lang.reflect.Constructor.newInstance(Constructor.java:423)
	at org.openqa.selenium.remote.http.W3CHttpResponseCodec.createException(W3CHttpResponseCodec.java:187)
	at org.openqa.selenium.remote.http.W3CHttpResponseCodec.decode(W3CHttpResponseCodec.java:122)
	at org.openqa.selenium.remote.http.W3CHttpResponseCodec.decode(W3CHttpResponseCodec.java:49)
	at org.openqa.selenium.remote.HttpCommandExecutor.execute(HttpCommandExecutor.java:158)
	at org.openqa.selenium.remote.service.DriverCommandExecutor.execute(DriverCommandExecutor.java:83)
	at org.openqa.selenium.remote.RemoteWebDriver.execute(RemoteWebDriver.java:552)
	at org.openqa.selenium.remote.RemoteWebDriver.findElement(RemoteWebDriver.java:323)
	at org.openqa.selenium.remote.RemoteWebDriver.findElementByXPath(RemoteWebDriver.java:428)
	at org.openqa.selenium.By$ByXPath.findElement(By.java:353)
	at org.openqa.selenium.remote.RemoteWebDriver.findElement(RemoteWebDriver.java:315)
	at org.openqa.selenium.support.pagefactory.DefaultElementLocator.findElement(DefaultElementLocator.java:69)
	at org.openqa.selenium.support.pagefactory.internal.LocatingElementHandler.invoke(LocatingElementHandler.java:38)
	at com.sun.proxy.$Proxy8.sendKeys(Unknown Source)
	at Page_Java.Login_page.enter_email(Login_page.java:33)
	at Page_Test.Login_Test.enter_email(Login_Test.java:60)
	at sun.reflect.NativeMethodAccessorImpl.invoke0(Native Method)
	at sun.reflect.NativeMethodAccessorImpl.invoke(NativeMethodAccessorImpl.java:62)
	at sun.reflect.DelegatingMethodAccessorImpl.invoke(DelegatingMethodAccessorImpl.java:43)
	at java.lang.reflect.Method.invoke(Method.java:498)
	at org.testng.internal.MethodInvocationHelper.invokeMethod(MethodInvocationHelper.java:104)
	at org.testng.internal.Invoker.invokeMethod(Invoker.java:645)
	at org.testng.internal.Invoker.invokeTestMethod(Invoker.java:851)
	at org.testng.internal.Invoker.invokeTestMethods(Invoker.java:1177)
	at org.testng.internal.TestMethodWorker.invokeTestMethods(TestMethodWorker.java:129)
	at org.testng.internal.TestMethodWorker.run(TestMethodWorker.java:112)
	at org.testng.TestRunner.privateRun(TestRunner.java:756)
	at org.testng.TestRunner.run(TestRunner.java:610)
	at org.testng.SuiteRunner.runTest(SuiteRunner.java:387)
	at org.testng.SuiteRunner.runSequentially(SuiteRunner.java:382)
	at org.testng.SuiteRunner.privateRun(SuiteRunner.java:340)
	at org.testng.SuiteRunner.run(SuiteRunner.java:289)
	at org.testng.SuiteRunnerWorker.runSuite(SuiteRunnerWorker.java:52)
	at org.testng.SuiteRunnerWorker.run(SuiteRunnerWorker.java:86)
	at org.testng.TestNG.runSuitesSequentially(TestNG.java:1293)
	at org.testng.TestNG.runSuitesLocally(TestNG.java:1218)
	at org.testng.TestNG.runSuites(TestNG.java:1133)
	at org.testng.TestNG.run(TestNG.java:1104)
	at org.apache.maven.surefire.testng.TestNGExecutor.run(TestNGExecutor.java:122)
	at org.apache.maven.surefire.testng.TestNGXmlTestSuite.execute(TestNGXmlTestSuite.java:92)
	at org.apache.maven.surefire.testng.TestNGProvider.invoke(TestNGProvider.java:101)
	at sun.reflect.NativeMethodAccessorImpl.invoke0(Native Method)
	at sun.reflect.NativeMethodAccessorImpl.invoke(NativeMethodAccessorImpl.java:62)
	at sun.reflect.DelegatingMethodAccessorImpl.invoke(DelegatingMethodAccessorImpl.java:43)
	at java.lang.reflect.Method.invoke(Method.java:498)
	at org.apache.maven.surefire.util.ReflectionUtils.invokeMethodWithArray(ReflectionUtils.java:164)
	at org.apache.maven.surefire.booter.ProviderFactory$ProviderProxy.invoke(ProviderFactory.java:110)
	at org.apache.maven.surefire.booter.SurefireStarter.invokeProvider(SurefireStarter.java:175)
	at org.apache.maven.surefire.booter.SurefireStarter.runSuitesInProcessWhenForked(SurefireStarter.java:107)
	at org.apache.maven.surefire.booter.ForkedBooter.main(ForkedBooter.java:68)
]]>
            </full-stacktrace>
          </exception> <!-- org.openqa.selenium.NoSuchElementException -->
          <reporter-output>
          </reporter-output>
        </test-method> <!-- enter_email -->
        <test-method status="PASS" signature="tested()[pri:0, instance:Page_Test.Home_Test@340f438e]" name="tested" is-config="true" duration-ms="394" started-at="2019-08-25T12:39:50Z" finished-at="2019-08-25T12:39:51Z">
          <reporter-output>
          </reporter-output>
        </test-method> <!-- tested -->
        <test-method status="PASS" signature="brower_close()[pri:0, instance:Page_Test.Home_Test@340f438e]" name="brower_close" is-config="true" duration-ms="1108" started-at="2019-08-25T12:39:51Z" finished-at="2019-08-25T12:39:52Z">
          <reporter-output>
          </reporter-output>
        </test-method> <!-- brower_close -->
      </class> <!-- Page_Test.Home_Test -->
    </test> <!-- Test2 -->
  </suite> <!-- Suite -->
</testng-results>
